<?xml version="1.0" encoding="UTF-8"?>
<!-- Generated by org.testng.reporters.JUnitXMLReporter -->
<testsuite ignored="0" hostname="DESKTOP-E0L7J9C" failures="0" tests="4" name="Nopackage" time="64.431" errors="0" timestamp="2021-04-09T17:42:15 IST">
  <testcase classname="com.test.BasicTestNG" name="test" time="0.01"/>
  <testcase classname="com.test.GoogleTest" name="maillinkTest" time="0.449"/>
  <testcase classname="com.test.GoogleTest" name="googleTitleTest" time="0.031"/>
  <testcase classname="com.test.GoogleTest" name="logoTest" time="0.073"/>
</testsuite> <!-- Nopackage -->
